[2026-01-08T13:28:51.885Z] | [ERROR] |  500 userSchema.validate is not a function
[2026-01-08T13:29:52.500Z] | [ERROR] |  500 Invalid username or password
[2026-01-08T13:30:42.380Z] | [ERROR] |  500 Cannot read properties of null (reading 'file')
[2026-01-08T13:31:52.254Z] | [ERROR] |  500 Cannot read properties of null (reading 'file')
[2026-01-08T13:32:42.813Z] | [ERROR] |  500 Cannot read properties of null (reading 'file') | TypeError: Cannot read properties of null (reading 'file')
    at registry (file:///D:/NT%20DARSLARI/38_dars/src/controllers/user.controller.js:7:65)
    at Layer.handleRequest (D:\NT DARSLARI\38_dars\node_modules\router\lib\layer.js:152:17)
    at next (D:\NT DARSLARI\38_dars\node_modules\router\lib\route.js:157:13)
    at register (file:///D:/NT%20DARSLARI/38_dars/src/middlewares/validation.js:10:5)
    at Layer.handleRequest (D:\NT DARSLARI\38_dars\node_modules\router\lib\layer.js:152:17)
    at next (D:\NT DARSLARI\38_dars\node_modules\router\lib\route.js:157:13)
    at Route.dispatch (D:\NT DARSLARI\38_dars\node_modules\router\lib\route.js:117:3)
    at handle (D:\NT DARSLARI\38_dars\node_modules\router\index.js:435:11)
    at Layer.handleRequest (D:\NT DARSLARI\38_dars\node_modules\router\lib\layer.js:152:17)
    at D:\NT DARSLARI\38_dars\node_modules\router\index.js:295:15
[2026-01-08T13:38:06.009Z] | [ERROR] |  500 Invalid username or password | Error: Invalid username or password
    at UserService.login (file:///D:/NT%20DARSLARI/38_dars/src/services/user.service.js:37:15)
    at process.processTicksAndRejections (node:internal/process/task_queues:95:5)
    at async login (file:///D:/NT%20DARSLARI/38_dars/src/controllers/user.controller.js:20:18)
[2026-01-08T13:38:39.560Z] | [ERROR] |  500 duplicate key value violates unique constraint "users_full_name_key" | error: duplicate key value violates unique constraint "users_full_name_key"
    at D:\NT DARSLARI\38_dars\node_modules\pg-pool\index.js:45:11
    at process.processTicksAndRejections (node:internal/process/task_queues:95:5)
    at async UserService.registry (file:///D:/NT%20DARSLARI/38_dars/src/services/user.service.js:21:23)
    at async registry (file:///D:/NT%20DARSLARI/38_dars/src/controllers/user.controller.js:7:18)
[2026-01-08T13:45:18.027Z] | [ERROR] |  500 duplicate key value violates unique constraint "users_full_name_key" | error: duplicate key value violates unique constraint "users_full_name_key"
    at D:\NT DARSLARI\38_dars\node_modules\pg-pool\index.js:45:11
    at process.processTicksAndRejections (node:internal/process/task_queues:95:5)
    at async UserService.registry (file:///D:/NT%20DARSLARI/38_dars/src/services/user.service.js:21:23)
    at async registry (file:///D:/NT%20DARSLARI/38_dars/src/controllers/user.controller.js:7:18)
[2026-01-08T13:45:18.997Z] | [ERROR] |  500 duplicate key value violates unique constraint "users_full_name_key" | error: duplicate key value violates unique constraint "users_full_name_key"
    at D:\NT DARSLARI\38_dars\node_modules\pg-pool\index.js:45:11
    at process.processTicksAndRejections (node:internal/process/task_queues:95:5)
    at async UserService.registry (file:///D:/NT%20DARSLARI/38_dars/src/services/user.service.js:21:23)
    at async registry (file:///D:/NT%20DARSLARI/38_dars/src/controllers/user.controller.js:7:18)
[2026-01-08T13:45:19.733Z] | [ERROR] |  500 duplicate key value violates unique constraint "users_full_name_key" | error: duplicate key value violates unique constraint "users_full_name_key"
    at D:\NT DARSLARI\38_dars\node_modules\pg-pool\index.js:45:11
    at process.processTicksAndRejections (node:internal/process/task_queues:95:5)
    at async UserService.registry (file:///D:/NT%20DARSLARI/38_dars/src/services/user.service.js:21:23)
    at async registry (file:///D:/NT%20DARSLARI/38_dars/src/controllers/user.controller.js:7:18)
[2026-01-08T13:45:20.419Z] | [ERROR] |  500 duplicate key value violates unique constraint "users_full_name_key" | error: duplicate key value violates unique constraint "users_full_name_key"
    at D:\NT DARSLARI\38_dars\node_modules\pg-pool\index.js:45:11
    at process.processTicksAndRejections (node:internal/process/task_queues:95:5)
    at async UserService.registry (file:///D:/NT%20DARSLARI/38_dars/src/services/user.service.js:21:23)
    at async registry (file:///D:/NT%20DARSLARI/38_dars/src/controllers/user.controller.js:7:18)
[2026-01-08T23:34:06.195Z] | [ERROR] |  400 "username" is required | BadRequestError: "username" is required
    at register (file:///D:/NT%20DARSLARI/38_dars/src/middlewares/validation.js:8:19)
    at Layer.handleRequest (D:\NT DARSLARI\38_dars\node_modules\router\lib\layer.js:152:17)
    at next (D:\NT DARSLARI\38_dars\node_modules\router\lib\route.js:157:13)
    at Route.dispatch (D:\NT DARSLARI\38_dars\node_modules\router\lib\route.js:117:3)
    at handle (D:\NT DARSLARI\38_dars\node_modules\router\index.js:435:11)
    at Layer.handleRequest (D:\NT DARSLARI\38_dars\node_modules\router\lib\layer.js:152:17)
    at D:\NT DARSLARI\38_dars\node_modules\router\index.js:295:15
    at processParams (D:\NT DARSLARI\38_dars\node_modules\router\index.js:582:12)
    at next (D:\NT DARSLARI\38_dars\node_modules\router\index.js:291:5)
    at Function.handle (D:\NT DARSLARI\38_dars\node_modules\router\index.js:186:3)
[2026-01-08T23:34:32.649Z] | [ERROR] |  400 "username" is required | BadRequestError: "username" is required
    at register (file:///D:/NT%20DARSLARI/38_dars/src/middlewares/validation.js:8:19)
    at Layer.handleRequest (D:\NT DARSLARI\38_dars\node_modules\router\lib\layer.js:152:17)
    at next (D:\NT DARSLARI\38_dars\node_modules\router\lib\route.js:157:13)
    at Route.dispatch (D:\NT DARSLARI\38_dars\node_modules\router\lib\route.js:117:3)
    at handle (D:\NT DARSLARI\38_dars\node_modules\router\index.js:435:11)
    at Layer.handleRequest (D:\NT DARSLARI\38_dars\node_modules\router\lib\layer.js:152:17)
    at D:\NT DARSLARI\38_dars\node_modules\router\index.js:295:15
    at processParams (D:\NT DARSLARI\38_dars\node_modules\router\index.js:582:12)
    at next (D:\NT DARSLARI\38_dars\node_modules\router\index.js:291:5)
    at Function.handle (D:\NT DARSLARI\38_dars\node_modules\router\index.js:186:3)
[2026-01-08T23:34:51.549Z] | [ERROR] |  400 "username" is required | BadRequestError: "username" is required
    at register (file:///D:/NT%20DARSLARI/38_dars/src/middlewares/validation.js:8:19)
    at Layer.handleRequest (D:\NT DARSLARI\38_dars\node_modules\router\lib\layer.js:152:17)
    at next (D:\NT DARSLARI\38_dars\node_modules\router\lib\route.js:157:13)
    at Route.dispatch (D:\NT DARSLARI\38_dars\node_modules\router\lib\route.js:117:3)
    at handle (D:\NT DARSLARI\38_dars\node_modules\router\index.js:435:11)
    at Layer.handleRequest (D:\NT DARSLARI\38_dars\node_modules\router\lib\layer.js:152:17)
    at D:\NT DARSLARI\38_dars\node_modules\router\index.js:295:15
    at processParams (D:\NT DARSLARI\38_dars\node_modules\router\index.js:582:12)
    at next (D:\NT DARSLARI\38_dars\node_modules\router\index.js:291:5)
    at Function.handle (D:\NT DARSLARI\38_dars\node_modules\router\index.js:186:3)
[2026-01-08T23:34:52.748Z] | [ERROR] |  400 "username" is required | BadRequestError: "username" is required
    at register (file:///D:/NT%20DARSLARI/38_dars/src/middlewares/validation.js:8:19)
    at Layer.handleRequest (D:\NT DARSLARI\38_dars\node_modules\router\lib\layer.js:152:17)
    at next (D:\NT DARSLARI\38_dars\node_modules\router\lib\route.js:157:13)
    at Route.dispatch (D:\NT DARSLARI\38_dars\node_modules\router\lib\route.js:117:3)
    at handle (D:\NT DARSLARI\38_dars\node_modules\router\index.js:435:11)
    at Layer.handleRequest (D:\NT DARSLARI\38_dars\node_modules\router\lib\layer.js:152:17)
    at D:\NT DARSLARI\38_dars\node_modules\router\index.js:295:15
    at processParams (D:\NT DARSLARI\38_dars\node_modules\router\index.js:582:12)
    at next (D:\NT DARSLARI\38_dars\node_modules\router\index.js:291:5)
    at Function.handle (D:\NT DARSLARI\38_dars\node_modules\router\index.js:186:3)
[2026-01-08T23:35:50.754Z] | [ERROR] |  400 "username" is required | BadRequestError: "username" is required
    at register (file:///D:/NT%20DARSLARI/38_dars/src/middlewares/validation.js:8:19)
    at Layer.handleRequest (D:\NT DARSLARI\38_dars\node_modules\router\lib\layer.js:152:17)
    at next (D:\NT DARSLARI\38_dars\node_modules\router\lib\route.js:157:13)
    at Route.dispatch (D:\NT DARSLARI\38_dars\node_modules\router\lib\route.js:117:3)
    at handle (D:\NT DARSLARI\38_dars\node_modules\router\index.js:435:11)
    at Layer.handleRequest (D:\NT DARSLARI\38_dars\node_modules\router\lib\layer.js:152:17)
    at D:\NT DARSLARI\38_dars\node_modules\router\index.js:295:15
    at processParams (D:\NT DARSLARI\38_dars\node_modules\router\index.js:582:12)
    at next (D:\NT DARSLARI\38_dars\node_modules\router\index.js:291:5)
    at Function.handle (D:\NT DARSLARI\38_dars\node_modules\router\index.js:186:3)
[2026-01-09T13:07:34.405Z] | [ERROR] |  500 Cannot destructure property 'username' of 'body' as it is undefined. | TypeError: Cannot destructure property 'username' of 'body' as it is undefined.
    at UserService.registry (file:///D:/NT%20DARSLARI/39_dars/src/services/user.service.js:9:13)
    at registry (file:///D:/NT%20DARSLARI/39_dars/src/controllers/user.controller.js:8:38)
    at Layer.handleRequest (D:\NT DARSLARI\39_dars\node_modules\router\lib\layer.js:152:17)
    at next (D:\NT DARSLARI\39_dars\node_modules\router\lib\route.js:157:13)
    at register (file:///D:/NT%20DARSLARI/39_dars/src/middlewares/validation.js:10:5)
    at Layer.handleRequest (D:\NT DARSLARI\39_dars\node_modules\router\lib\layer.js:152:17)
    at next (D:\NT DARSLARI\39_dars\node_modules\router\lib\route.js:157:13)
    at Route.dispatch (D:\NT DARSLARI\39_dars\node_modules\router\lib\route.js:117:3)
    at handle (D:\NT DARSLARI\39_dars\node_modules\router\index.js:435:11)
    at Layer.handleRequest (D:\NT DARSLARI\39_dars\node_modules\router\lib\layer.js:152:17)
[2026-01-09T13:07:47.078Z] | [ERROR] |  500 Cannot destructure property 'username' of 'body' as it is undefined. | TypeError: Cannot destructure property 'username' of 'body' as it is undefined.
    at UserService.registry (file:///D:/NT%20DARSLARI/39_dars/src/services/user.service.js:9:13)
    at registry (file:///D:/NT%20DARSLARI/39_dars/src/controllers/user.controller.js:8:38)
    at Layer.handleRequest (D:\NT DARSLARI\39_dars\node_modules\router\lib\layer.js:152:17)
    at next (D:\NT DARSLARI\39_dars\node_modules\router\lib\route.js:157:13)
    at register (file:///D:/NT%20DARSLARI/39_dars/src/middlewares/validation.js:10:5)
    at Layer.handleRequest (D:\NT DARSLARI\39_dars\node_modules\router\lib\layer.js:152:17)
    at next (D:\NT DARSLARI\39_dars\node_modules\router\lib\route.js:157:13)
    at Route.dispatch (D:\NT DARSLARI\39_dars\node_modules\router\lib\route.js:117:3)
    at handle (D:\NT DARSLARI\39_dars\node_modules\router\index.js:435:11)
    at Layer.handleRequest (D:\NT DARSLARI\39_dars\node_modules\router\lib\layer.js:152:17)
[2026-01-09T13:08:04.437Z] | [ERROR] |  500 Cannot destructure property 'username' of 'body' as it is undefined. | TypeError: Cannot destructure property 'username' of 'body' as it is undefined.
    at UserService.registry (file:///D:/NT%20DARSLARI/39_dars/src/services/user.service.js:9:13)
    at registry (file:///D:/NT%20DARSLARI/39_dars/src/controllers/user.controller.js:10:38)
    at Layer.handleRequest (D:\NT DARSLARI\39_dars\node_modules\router\lib\layer.js:152:17)
    at next (D:\NT DARSLARI\39_dars\node_modules\router\lib\route.js:157:13)
    at register (file:///D:/NT%20DARSLARI/39_dars/src/middlewares/validation.js:10:5)
    at Layer.handleRequest (D:\NT DARSLARI\39_dars\node_modules\router\lib\layer.js:152:17)
    at next (D:\NT DARSLARI\39_dars\node_modules\router\lib\route.js:157:13)
    at Route.dispatch (D:\NT DARSLARI\39_dars\node_modules\router\lib\route.js:117:3)
    at handle (D:\NT DARSLARI\39_dars\node_modules\router\index.js:435:11)
    at Layer.handleRequest (D:\NT DARSLARI\39_dars\node_modules\router\lib\layer.js:152:17)
[2026-01-09T13:08:53.026Z] | [ERROR] |  500 Cannot destructure property 'username' of 'body' as it is undefined. | TypeError: Cannot destructure property 'username' of 'body' as it is undefined.
    at UserService.registry (file:///D:/NT%20DARSLARI/39_dars/src/services/user.service.js:9:13)
    at registry (file:///D:/NT%20DARSLARI/39_dars/src/controllers/user.controller.js:10:38)
    at Layer.handleRequest (D:\NT DARSLARI\39_dars\node_modules\router\lib\layer.js:152:17)
    at next (D:\NT DARSLARI\39_dars\node_modules\router\lib\route.js:157:13)
    at register (file:///D:/NT%20DARSLARI/39_dars/src/middlewares/validation.js:10:5)
    at Layer.handleRequest (D:\NT DARSLARI\39_dars\node_modules\router\lib\layer.js:152:17)
    at next (D:\NT DARSLARI\39_dars\node_modules\router\lib\route.js:157:13)
    at Route.dispatch (D:\NT DARSLARI\39_dars\node_modules\router\lib\route.js:117:3)
    at handle (D:\NT DARSLARI\39_dars\node_modules\router\index.js:435:11)
    at Layer.handleRequest (D:\NT DARSLARI\39_dars\node_modules\router\lib\layer.js:152:17)
[2026-01-09T13:10:03.634Z] | [ERROR] |  500 Cannot read properties of undefined (reading 'status') | TypeError: Cannot read properties of undefined (reading 'status')
    at registry (file:///D:/NT%20DARSLARI/39_dars/src/controllers/user.controller.js:11:23)
    at process.processTicksAndRejections (node:internal/process/task_queues:95:5)
[2026-01-09T13:10:41.329Z] | [ERROR] |  500 Cannot read properties of undefined (reading 'status') | TypeError: Cannot read properties of undefined (reading 'status')
    at registry (file:///D:/NT%20DARSLARI/39_dars/src/controllers/user.controller.js:11:23)
    at process.processTicksAndRejections (node:internal/process/task_queues:95:5)
[2026-01-09T13:12:54.850Z] | [ERROR] |  500 Invalid username or password | Error: Invalid username or password
    at UserService.login (file:///D:/NT%20DARSLARI/39_dars/src/services/user.service.js:37:13)
    at process.processTicksAndRejections (node:internal/process/task_queues:95:5)
    at async login (file:///D:/NT%20DARSLARI/39_dars/src/controllers/user.controller.js:19:20)
[2026-01-09T13:13:20.461Z] | [ERROR] |  500 Cannot read properties of undefined (reading 'status') | TypeError: Cannot read properties of undefined (reading 'status')
    at getAllUsers (file:///D:/NT%20DARSLARI/39_dars/src/controllers/user.controller.js:29:23)
    at process.processTicksAndRejections (node:internal/process/task_queues:95:5)
[2026-01-09T13:13:46.896Z] | [ERROR] |  500 Cannot read properties of undefined (reading 'status') | TypeError: Cannot read properties of undefined (reading 'status')
    at getAllUsers (file:///D:/NT%20DARSLARI/39_dars/src/controllers/user.controller.js:31:23)
    at process.processTicksAndRejections (node:internal/process/task_queues:95:5)
[2026-01-09T13:14:13.959Z] | [ERROR] |  500 Cannot read properties of undefined (reading 'status') | TypeError: Cannot read properties of undefined (reading 'status')
    at getAllUsers (file:///D:/NT%20DARSLARI/39_dars/src/controllers/user.controller.js:31:23)
    at process.processTicksAndRejections (node:internal/process/task_queues:95:5)


















[2026-01-09T13:29:52.800Z] | [ERROR] |  500 Cannot read properties of undefined (reading 'status') | TypeError: Cannot read properties of undefined (reading 'status')
    at registry (file:///D:/NT%20DARSLARI/39_dars/src/controllers/user.controller.js:11:23)
    at process.processTicksAndRejections (node:internal/process/task_queues:95:5)
[2026-01-09T13:30:53.400Z] | [ERROR] |  500 Cannot read properties of undefined (reading 'status') | TypeError: Cannot read properties of undefined (reading 'status')
    at registry (file:///D:/NT%20DARSLARI/39_dars/src/controllers/user.controller.js:11:23)
    at process.processTicksAndRejections (node:internal/process/task_queues:95:5)
[2026-01-09T13:33:21.878Z] | [ERROR] |  500 null value in column "avatar_url" of relation "users" violates not-null constraint | error: null value in column "avatar_url" of relation "users" violates not-null constraint
    at D:\NT DARSLARI\39_dars\node_modules\pg-pool\index.js:45:11
    at process.processTicksAndRejections (node:internal/process/task_queues:95:5)
    at async UserService.registry (file:///D:/NT%20DARSLARI/39_dars/src/services/user.service.js:14:21)
    at async registry (file:///D:/NT%20DARSLARI/39_dars/src/controllers/user.controller.js:10:20)
[2026-01-09T13:33:48.238Z] | [ERROR] |  500 null value in column "avatar_url" of relation "users" violates not-null constraint | error: null value in column "avatar_url" of relation "users" violates not-null constraint
    at D:\NT DARSLARI\39_dars\node_modules\pg-pool\index.js:45:11
    at process.processTicksAndRejections (node:internal/process/task_queues:95:5)
    at async UserService.registry (file:///D:/NT%20DARSLARI/39_dars/src/services/user.service.js:14:21)
    at async registry (file:///D:/NT%20DARSLARI/39_dars/src/controllers/user.controller.js:10:20)
[2026-01-09T13:34:03.416Z] | [ERROR] |  500 null value in column "avatar_url" of relation "users" violates not-null constraint | error: null value in column "avatar_url" of relation "users" violates not-null constraint
    at D:\NT DARSLARI\39_dars\node_modules\pg-pool\index.js:45:11
    at process.processTicksAndRejections (node:internal/process/task_queues:95:5)
    at async UserService.registry (file:///D:/NT%20DARSLARI/39_dars/src/services/user.service.js:14:21)
    at async registry (file:///D:/NT%20DARSLARI/39_dars/src/controllers/user.controller.js:10:20)
[2026-01-09T13:36:29.326Z] | [ERROR] |  500 duplicate key value violates unique constraint "users_full_name_key" | error: duplicate key value violates unique constraint "users_full_name_key"
    at D:\NT DARSLARI\39_dars\node_modules\pg-pool\index.js:45:11
    at process.processTicksAndRejections (node:internal/process/task_queues:95:5)
    at async UserService.registry (file:///D:/NT%20DARSLARI/39_dars/src/services/user.service.js:20:21)
    at async registry (file:///D:/NT%20DARSLARI/39_dars/src/controllers/user.controller.js:10:20)
[2026-01-09T13:40:25.029Z] | [ERROR] |  500 bcrypt is not defined | ReferenceError: bcrypt is not defined
    at UserService.login (file:///D:/NT%20DARSLARI/39_dars/src/services/user.service.js:63:29)
    at process.processTicksAndRejections (node:internal/process/task_queues:95:5)
    at async login (file:///D:/NT%20DARSLARI/39_dars/src/controllers/user.controller.js:19:20)
[2026-01-09T13:41:41.867Z] | [ERROR] |  500 bcrypt is not defined | ReferenceError: bcrypt is not defined
    at UserService.login (file:///D:/NT%20DARSLARI/39_dars/src/services/user.service.js:65:29)
    at process.processTicksAndRejections (node:internal/process/task_queues:95:5)
    at async login (file:///D:/NT%20DARSLARI/39_dars/src/controllers/user.controller.js:19:20)
[2026-01-09T13:42:55.396Z] | [ERROR] |  500 data and hash arguments required | Error: data and hash arguments required
    at Object.compare (D:\NT DARSLARI\39_dars\node_modules\bcrypt\bcrypt.js:204:17)
    at D:\NT DARSLARI\39_dars\node_modules\bcrypt\promises.js:26:12
    at new Promise (<anonymous>)
    at Object.promise (D:\NT DARSLARI\39_dars\node_modules\bcrypt\promises.js:17:12)
    at Object.compare (D:\NT DARSLARI\39_dars\node_modules\bcrypt\bcrypt.js:200:25)
    at compare_password (file:///D:/NT%20DARSLARI/39_dars/src/utils/bcrypt.js:10:19)
    at UserService.login (file:///D:/NT%20DARSLARI/39_dars/src/services/user.service.js:65:35)
    at process.processTicksAndRejections (node:internal/process/task_queues:95:5)
    at async login (file:///D:/NT%20DARSLARI/39_dars/src/controllers/user.controller.js:19:20)
[2026-01-09T13:56:49.122Z] | [ERROR] |  500 Cannot read properties of undefined (reading 'name') | TypeError: Cannot read properties of undefined (reading 'name')
    at VideoService.uploadVideo (file:///D:/NT%20DARSLARI/39_dars/src/services/video.service.js:15:24)
    at uploadVideo (file:///D:/NT%20DARSLARI/39_dars/src/controllers/video.controller.js:7:41)
    at Layer.handleRequest (D:\NT DARSLARI\39_dars\node_modules\router\lib\layer.js:152:17)
    at next (D:\NT DARSLARI\39_dars\node_modules\router\lib\route.js:157:13)
    at validateVideo (file:///D:/NT%20DARSLARI/39_dars/src/middlewares/validation.js:26:5)
    at Layer.handleRequest (D:\NT DARSLARI\39_dars\node_modules\router\lib\layer.js:152:17)
    at next (D:\NT DARSLARI\39_dars\node_modules\router\lib\route.js:157:13)
    at Route.dispatch (D:\NT DARSLARI\39_dars\node_modules\router\lib\route.js:117:3)
    at handle (D:\NT DARSLARI\39_dars\node_modules\router\index.js:435:11)
    at Layer.handleRequest (D:\NT DARSLARI\39_dars\node_modules\router\lib\layer.js:152:17)
[2026-01-09T13:57:28.862Z] | [ERROR] |  500 Cannot read properties of undefined (reading 'avatar_url') | TypeError: Cannot read properties of undefined (reading 'avatar_url')
    at VideoService.uploadVideo (file:///D:/NT%20DARSLARI/39_dars/src/services/video.service.js:14:53)
    at uploadVideo (file:///D:/NT%20DARSLARI/39_dars/src/controllers/video.controller.js:7:41)
    at Layer.handleRequest (D:\NT DARSLARI\39_dars\node_modules\router\lib\layer.js:152:17)
    at next (D:\NT DARSLARI\39_dars\node_modules\router\lib\route.js:157:13)
    at validateVideo (file:///D:/NT%20DARSLARI/39_dars/src/middlewares/validation.js:26:5)
    at Layer.handleRequest (D:\NT DARSLARI\39_dars\node_modules\router\lib\layer.js:152:17)
    at next (D:\NT DARSLARI\39_dars\node_modules\router\lib\route.js:157:13)
    at Route.dispatch (D:\NT DARSLARI\39_dars\node_modules\router\lib\route.js:117:3)
    at handle (D:\NT DARSLARI\39_dars\node_modules\router\index.js:435:11)
    at Layer.handleRequest (D:\NT DARSLARI\39_dars\node_modules\router\lib\layer.js:152:17)
[2026-01-09T13:57:59.082Z] | [ERROR] |  500 Cannot read properties of undefined (reading 'avatar_url') | TypeError: Cannot read properties of undefined (reading 'avatar_url')
    at VideoService.uploadVideo (file:///D:/NT%20DARSLARI/39_dars/src/services/video.service.js:14:25)
    at uploadVideo (file:///D:/NT%20DARSLARI/39_dars/src/controllers/video.controller.js:7:41)
    at Layer.handleRequest (D:\NT DARSLARI\39_dars\node_modules\router\lib\layer.js:152:17)
    at next (D:\NT DARSLARI\39_dars\node_modules\router\lib\route.js:157:13)
    at validateVideo (file:///D:/NT%20DARSLARI/39_dars/src/middlewares/validation.js:26:5)
    at Layer.handleRequest (D:\NT DARSLARI\39_dars\node_modules\router\lib\layer.js:152:17)
    at next (D:\NT DARSLARI\39_dars\node_modules\router\lib\route.js:157:13)
    at Route.dispatch (D:\NT DARSLARI\39_dars\node_modules\router\lib\route.js:117:3)
    at handle (D:\NT DARSLARI\39_dars\node_modules\router\index.js:435:11)
    at Layer.handleRequest (D:\NT DARSLARI\39_dars\node_modules\router\lib\layer.js:152:17)
[2026-01-09T13:59:08.395Z] | [ERROR] |  500 Cannot read properties of undefined (reading 'name') | TypeError: Cannot read properties of undefined (reading 'name')
    at VideoService.uploadVideo (file:///D:/NT%20DARSLARI/39_dars/src/services/video.service.js:13:30)
    at uploadVideo (file:///D:/NT%20DARSLARI/39_dars/src/controllers/video.controller.js:7:41)
    at Layer.handleRequest (D:\NT DARSLARI\39_dars\node_modules\router\lib\layer.js:152:17)
    at next (D:\NT DARSLARI\39_dars\node_modules\router\lib\route.js:157:13)
    at validateVideo (file:///D:/NT%20DARSLARI/39_dars/src/middlewares/validation.js:26:5)
    at Layer.handleRequest (D:\NT DARSLARI\39_dars\node_modules\router\lib\layer.js:152:17)
    at next (D:\NT DARSLARI\39_dars\node_modules\router\lib\route.js:157:13)
    at Route.dispatch (D:\NT DARSLARI\39_dars\node_modules\router\lib\route.js:117:3)
    at handle (D:\NT DARSLARI\39_dars\node_modules\router\index.js:435:11)
    at Layer.handleRequest (D:\NT DARSLARI\39_dars\node_modules\router\lib\layer.js:152:17)
[2026-01-09T13:59:40.815Z] | [ERROR] |  500 Cannot read properties of undefined (reading 'name') | TypeError: Cannot read properties of undefined (reading 'name')
    at VideoService.uploadVideo (file:///D:/NT%20DARSLARI/39_dars/src/services/video.service.js:13:30)
    at uploadVideo (file:///D:/NT%20DARSLARI/39_dars/src/controllers/video.controller.js:9:41)
    at Layer.handleRequest (D:\NT DARSLARI\39_dars\node_modules\router\lib\layer.js:152:17)
    at next (D:\NT DARSLARI\39_dars\node_modules\router\lib\route.js:157:13)
    at validateVideo (file:///D:/NT%20DARSLARI/39_dars/src/middlewares/validation.js:26:5)
    at Layer.handleRequest (D:\NT DARSLARI\39_dars\node_modules\router\lib\layer.js:152:17)
    at next (D:\NT DARSLARI\39_dars\node_modules\router\lib\route.js:157:13)
    at Route.dispatch (D:\NT DARSLARI\39_dars\node_modules\router\lib\route.js:117:3)
    at handle (D:\NT DARSLARI\39_dars\node_modules\router\index.js:435:11)
    at Layer.handleRequest (D:\NT DARSLARI\39_dars\node_modules\router\lib\layer.js:152:17)
[2026-01-09T14:00:25.706Z] | [ERROR] |  500 The "path" argument must be of type string. Received an instance of Object | TypeError [ERR_INVALID_ARG_TYPE]: The "path" argument must be of type string. Received an instance of Object
    at new NodeError (node:internal/errors:405:5)
    at validateString (node:internal/validators:162:11)
    at extname (node:path:855:5)
    at VideoService.uploadVideo (file:///D:/NT%20DARSLARI/39_dars/src/services/video.service.js:14:12)
    at uploadVideo (file:///D:/NT%20DARSLARI/39_dars/src/controllers/video.controller.js:7:41)
    at Layer.handleRequest (D:\NT DARSLARI\39_dars\node_modules\router\lib\layer.js:152:17)
    at next (D:\NT DARSLARI\39_dars\node_modules\router\lib\route.js:157:13)
    at validateVideo (file:///D:/NT%20DARSLARI/39_dars/src/middlewares/validation.js:26:5)
    at Layer.handleRequest (D:\NT DARSLARI\39_dars\node_modules\router\lib\layer.js:152:17)
    at next (D:\NT DARSLARI\39_dars\node_modules\router\lib\route.js:157:13)
[2026-01-09T14:01:16.886Z] | [ERROR] |  500 The "path" argument must be of type string. Received an instance of Object | TypeError [ERR_INVALID_ARG_TYPE]: The "path" argument must be of type string. Received an instance of Object
    at new NodeError (node:internal/errors:405:5)
    at validateString (node:internal/validators:162:11)
    at extname (node:path:855:5)
    at VideoService.uploadVideo (file:///D:/NT%20DARSLARI/39_dars/src/services/video.service.js:15:12)
    at uploadVideo (file:///D:/NT%20DARSLARI/39_dars/src/controllers/video.controller.js:7:41)
    at Layer.handleRequest (D:\NT DARSLARI\39_dars\node_modules\router\lib\layer.js:152:17)
    at next (D:\NT DARSLARI\39_dars\node_modules\router\lib\route.js:157:13)
    at validateVideo (file:///D:/NT%20DARSLARI/39_dars/src/middlewares/validation.js:26:5)
    at Layer.handleRequest (D:\NT DARSLARI\39_dars\node_modules\router\lib\layer.js:152:17)
    at next (D:\NT DARSLARI\39_dars\node_modules\router\lib\route.js:157:13)
[2026-01-09T14:01:41.836Z] | [ERROR] |  500 ENOENT: no such file or directory, open 'D:\NT DARSLARI\39_dars\src\uploads\1964408113147777.8\.png' | Error: ENOENT: no such file or directory, open 'D:\NT DARSLARI\39_dars\src\uploads\1964408113147777.8\.png'
[2026-01-09T14:04:05.032Z] | [ERROR] |  500 ENOENT: no such file or directory, open 'D:\NT DARSLARI\39_dars\src\uploads\1964408272256666.5
        .png' | Error: ENOENT: no such file or directory, open 'D:\NT DARSLARI\39_dars\src\uploads\1964408272256666.5
        .png'
[2026-01-09T14:04:20.400Z] | [ERROR] |  500 ENOENT: no such file or directory, open 'D:\NT DARSLARI\39_dars\src\uploads\1964408289332222.2
        .png' | Error: ENOENT: no such file or directory, open 'D:\NT DARSLARI\39_dars\src\uploads\1964408289332222.2
        .png'
[2026-01-09T14:04:58.384Z] | [ERROR] |  500 null value in column "avatar_url" of relation "videos" violates not-null constraint | error: null value in column "avatar_url" of relation "videos" violates not-null constraint
    at D:\NT DARSLARI\39_dars\node_modules\pg-pool\index.js:45:11
    at process.processTicksAndRejections (node:internal/process/task_queues:95:5)
    at async VideoService.uploadVideo (file:///D:/NT%20DARSLARI/39_dars/src/services/video.service.js:16:22)
    at async uploadVideo (file:///D:/NT%20DARSLARI/39_dars/src/controllers/video.controller.js:7:22)
[2026-01-09T14:05:17.843Z] | [ERROR] |  500 null value in column "avatar_url" of relation "videos" violates not-null constraint | error: null value in column "avatar_url" of relation "videos" violates not-null constraint
    at D:\NT DARSLARI\39_dars\node_modules\pg-pool\index.js:45:11
    at process.processTicksAndRejections (node:internal/process/task_queues:95:5)
    at async VideoService.uploadVideo (file:///D:/NT%20DARSLARI/39_dars/src/services/video.service.js:16:22)
    at async uploadVideo (file:///D:/NT%20DARSLARI/39_dars/src/controllers/video.controller.js:7:22)
[2026-01-09T14:06:26.971Z] | [ERROR] |  500 null value in column "avatar_url" of relation "videos" violates not-null constraint | error: null value in column "avatar_url" of relation "videos" violates not-null constraint
    at D:\NT DARSLARI\39_dars\node_modules\pg-pool\index.js:45:11
    at process.processTicksAndRejections (node:internal/process/task_queues:95:5)
    at async VideoService.uploadVideo (file:///D:/NT%20DARSLARI/39_dars/src/services/video.service.js:16:22)
    at async uploadVideo (file:///D:/NT%20DARSLARI/39_dars/src/controllers/video.controller.js:7:22)
[2026-01-09T14:07:26.093Z] | [ERROR] |  500 column "url" of relation "videos" does not exist | error: column "url" of relation "videos" does not exist
    at D:\NT DARSLARI\39_dars\node_modules\pg-pool\index.js:45:11
    at process.processTicksAndRejections (node:internal/process/task_queues:95:5)
    at async VideoService.updateVideo (file:///D:/NT%20DARSLARI/39_dars/src/services/video.service.js:47:30)
    at async updateVideo (file:///D:/NT%20DARSLARI/39_dars/src/controllers/video.controller.js:32:24)
[2026-01-09T14:08:46.103Z] | [ERROR] |  500 null value in column "avatar_url" of relation "videos" violates not-null constraint | error: null value in column "avatar_url" of relation "videos" violates not-null constraint
    at D:\NT DARSLARI\39_dars\node_modules\pg-pool\index.js:45:11
    at process.processTicksAndRejections (node:internal/process/task_queues:95:5)
    at async VideoService.updateVideo (file:///D:/NT%20DARSLARI/39_dars/src/services/video.service.js:47:30)
    at async updateVideo (file:///D:/NT%20DARSLARI/39_dars/src/controllers/video.controller.js:32:24)
[2026-01-09T14:09:48.694Z] | [ERROR] |  500 null value in column "avatar_url" of relation "videos" violates not-null constraint | error: null value in column "avatar_url" of relation "videos" violates not-null constraint
    at D:\NT DARSLARI\39_dars\node_modules\pg-pool\index.js:45:11
    at process.processTicksAndRejections (node:internal/process/task_queues:95:5)
    at async VideoService.updateVideo (file:///D:/NT%20DARSLARI/39_dars/src/services/video.service.js:47:30)
    at async updateVideo (file:///D:/NT%20DARSLARI/39_dars/src/controllers/video.controller.js:32:24)
[2026-01-09T14:11:21.265Z] | [ERROR] |  500 null value in column "avatar_url" of relation "videos" violates not-null constraint | error: null value in column "avatar_url" of relation "videos" violates not-null constraint
    at D:\NT DARSLARI\39_dars\node_modules\pg-pool\index.js:45:11
    at process.processTicksAndRejections (node:internal/process/task_queues:95:5)
    at async VideoService.updateVideo (file:///D:/NT%20DARSLARI/39_dars/src/services/video.service.js:47:30)
    at async updateVideo (file:///D:/NT%20DARSLARI/39_dars/src/controllers/video.controller.js:32:24)
[2026-01-09T14:11:36.852Z] | [ERROR] |  500 null value in column "avatar_url" of relation "videos" violates not-null constraint | error: null value in column "avatar_url" of relation "videos" violates not-null constraint
    at D:\NT DARSLARI\39_dars\node_modules\pg-pool\index.js:45:11
    at process.processTicksAndRejections (node:internal/process/task_queues:95:5)
    at async VideoService.updateVideo (file:///D:/NT%20DARSLARI/39_dars/src/services/video.service.js:47:30)
    at async updateVideo (file:///D:/NT%20DARSLARI/39_dars/src/controllers/video.controller.js:32:24)
[2026-01-09T14:12:13.120Z] | [ERROR] |  500 Cannot read properties of undefined (reading 'name') | TypeError: Cannot read properties of undefined (reading 'name')
    at VideoService.updateVideo (file:///D:/NT%20DARSLARI/39_dars/src/services/video.service.js:51:62)
    at updateVideo (file:///D:/NT%20DARSLARI/39_dars/src/controllers/video.controller.js:32:43)
    at Layer.handleRequest (D:\NT DARSLARI\39_dars\node_modules\router\lib\layer.js:152:17)
    at next (D:\NT DARSLARI\39_dars\node_modules\router\lib\route.js:157:13)
    at validateVideo (file:///D:/NT%20DARSLARI/39_dars/src/middlewares/validation.js:26:5)
    at Layer.handleRequest (D:\NT DARSLARI\39_dars\node_modules\router\lib\layer.js:152:17)
    at next (D:\NT DARSLARI\39_dars\node_modules\router\lib\route.js:157:13)
    at Route.dispatch (D:\NT DARSLARI\39_dars\node_modules\router\lib\route.js:117:3)
    at handle (D:\NT DARSLARI\39_dars\node_modules\router\index.js:435:11)
    at Layer.handleRequest (D:\NT DARSLARI\39_dars\node_modules\router\lib\layer.js:152:17)
[2026-01-09T14:12:35.458Z] | [ERROR] |  500 Cannot read properties of undefined (reading 'avatar_url') | TypeError: Cannot read properties of undefined (reading 'avatar_url')
    at VideoService.updateVideo (file:///D:/NT%20DARSLARI/39_dars/src/services/video.service.js:51:62)
    at updateVideo (file:///D:/NT%20DARSLARI/39_dars/src/controllers/video.controller.js:32:43)
    at Layer.handleRequest (D:\NT DARSLARI\39_dars\node_modules\router\lib\layer.js:152:17)
    at next (D:\NT DARSLARI\39_dars\node_modules\router\lib\route.js:157:13)
    at validateVideo (file:///D:/NT%20DARSLARI/39_dars/src/middlewares/validation.js:26:5)
    at Layer.handleRequest (D:\NT DARSLARI\39_dars\node_modules\router\lib\layer.js:152:17)
    at next (D:\NT DARSLARI\39_dars\node_modules\router\lib\route.js:157:13)
    at Route.dispatch (D:\NT DARSLARI\39_dars\node_modules\router\lib\route.js:117:3)
    at handle (D:\NT DARSLARI\39_dars\node_modules\router\index.js:435:11)
    at Layer.handleRequest (D:\NT DARSLARI\39_dars\node_modules\router\lib\layer.js:152:17)
[2026-01-09T14:12:54.083Z] | [ERROR] |  500 The "path" argument must be of type string. Received undefined | TypeError [ERR_INVALID_ARG_TYPE]: The "path" argument must be of type string. Received undefined
    at new NodeError (node:internal/errors:405:5)
    at validateString (node:internal/validators:162:11)
    at extname (node:path:855:5)
    at VideoService.updateVideo (file:///D:/NT%20DARSLARI/39_dars/src/services/video.service.js:53:43)
    at updateVideo (file:///D:/NT%20DARSLARI/39_dars/src/controllers/video.controller.js:32:43)
    at Layer.handleRequest (D:\NT DARSLARI\39_dars\node_modules\router\lib\layer.js:152:17)
    at next (D:\NT DARSLARI\39_dars\node_modules\router\lib\route.js:157:13)
    at validateVideo (file:///D:/NT%20DARSLARI/39_dars/src/middlewares/validation.js:26:5)
    at Layer.handleRequest (D:\NT DARSLARI\39_dars\node_modules\router\lib\layer.js:152:17)
    at next (D:\NT DARSLARI\39_dars\node_modules\router\lib\route.js:157:13)
[2026-01-09T14:13:23.987Z] | [ERROR] |  500 The "path" argument must be of type string. Received undefined | TypeError [ERR_INVALID_ARG_TYPE]: The "path" argument must be of type string. Received undefined
    at new NodeError (node:internal/errors:405:5)
    at validateString (node:internal/validators:162:11)
    at extname (node:path:855:5)
    at VideoService.updateVideo (file:///D:/NT%20DARSLARI/39_dars/src/services/video.service.js:53:43)
    at updateVideo (file:///D:/NT%20DARSLARI/39_dars/src/controllers/video.controller.js:32:43)
    at Layer.handleRequest (D:\NT DARSLARI\39_dars\node_modules\router\lib\layer.js:152:17)
    at next (D:\NT DARSLARI\39_dars\node_modules\router\lib\route.js:157:13)
    at validateVideo (file:///D:/NT%20DARSLARI/39_dars/src/middlewares/validation.js:26:5)
    at Layer.handleRequest (D:\NT DARSLARI\39_dars\node_modules\router\lib\layer.js:152:17)
    at next (D:\NT DARSLARI\39_dars\node_modules\router\lib\route.js:157:13)
[2026-01-09T14:14:14.129Z] | [ERROR] |  500 The "path" argument must be of type string. Received undefined | TypeError [ERR_INVALID_ARG_TYPE]: The "path" argument must be of type string. Received undefined
    at new NodeError (node:internal/errors:405:5)
    at validateString (node:internal/validators:162:11)
    at extname (node:path:855:5)
    at VideoService.updateVideo (file:///D:/NT%20DARSLARI/39_dars/src/services/video.service.js:53:43)
    at updateVideo (file:///D:/NT%20DARSLARI/39_dars/src/controllers/video.controller.js:32:43)
    at Layer.handleRequest (D:\NT DARSLARI\39_dars\node_modules\router\lib\layer.js:152:17)
    at next (D:\NT DARSLARI\39_dars\node_modules\router\lib\route.js:157:13)
    at validateVideo (file:///D:/NT%20DARSLARI/39_dars/src/middlewares/validation.js:26:5)
    at Layer.handleRequest (D:\NT DARSLARI\39_dars\node_modules\router\lib\layer.js:152:17)
    at next (D:\NT DARSLARI\39_dars\node_modules\router\lib\route.js:157:13)
[2026-01-09T14:14:42.744Z] | [ERROR] |  500 The "path" argument must be of type string. Received undefined | TypeError [ERR_INVALID_ARG_TYPE]: The "path" argument must be of type string. Received undefined
    at new NodeError (node:internal/errors:405:5)
    at validateString (node:internal/validators:162:11)
    at extname (node:path:855:5)
    at VideoService.updateVideo (file:///D:/NT%20DARSLARI/39_dars/src/services/video.service.js:53:43)
    at updateVideo (file:///D:/NT%20DARSLARI/39_dars/src/controllers/video.controller.js:34:43)
    at Layer.handleRequest (D:\NT DARSLARI\39_dars\node_modules\router\lib\layer.js:152:17)
    at next (D:\NT DARSLARI\39_dars\node_modules\router\lib\route.js:157:13)
    at validateVideo (file:///D:/NT%20DARSLARI/39_dars/src/middlewares/validation.js:26:5)
    at Layer.handleRequest (D:\NT DARSLARI\39_dars\node_modules\router\lib\layer.js:152:17)
    at next (D:\NT DARSLARI\39_dars\node_modules\router\lib\route.js:157:13)
[2026-01-09T14:15:18.582Z] | [ERROR] |  500 Cannot read properties of undefined (reading 'name') | TypeError: Cannot read properties of undefined (reading 'name')
    at VideoService.updateVideo (file:///D:/NT%20DARSLARI/39_dars/src/services/video.service.js:53:62)
    at updateVideo (file:///D:/NT%20DARSLARI/39_dars/src/controllers/video.controller.js:34:43)
    at Layer.handleRequest (D:\NT DARSLARI\39_dars\node_modules\router\lib\layer.js:152:17)
    at next (D:\NT DARSLARI\39_dars\node_modules\router\lib\route.js:157:13)
    at validateVideo (file:///D:/NT%20DARSLARI/39_dars/src/middlewares/validation.js:26:5)
    at Layer.handleRequest (D:\NT DARSLARI\39_dars\node_modules\router\lib\layer.js:152:17)
    at next (D:\NT DARSLARI\39_dars\node_modules\router\lib\route.js:157:13)
    at Route.dispatch (D:\NT DARSLARI\39_dars\node_modules\router\lib\route.js:117:3)
    at handle (D:\NT DARSLARI\39_dars\node_modules\router\index.js:435:11)
    at Layer.handleRequest (D:\NT DARSLARI\39_dars\node_modules\router\lib\layer.js:152:17)
